<?xml version="1.0" encoding="UTF-8"?>
<testng-results ignored="0" total="7" passed="6" failed="1" skipped="0">
  <reporter-output>
  </reporter-output>
  <suite started-at="2023-09-30T17:17:46 IST" name="Default suite" finished-at="2023-09-30T17:26:33 IST" duration-ms="526770">
    <groups>
    </groups>
    <test started-at="2023-09-30T17:17:46 IST" name="Default test" finished-at="2023-09-30T17:26:33 IST" duration-ms="526770">
      <class name="DemodemoQa.DemoQAWebsite">
        <test-method signature="forms_first_and_lastname()[pri:0, instance:DemodemoQa.DemoQAWebsite@5bf0d49]" started-at="2023-09-30T17:17:47 IST" name="forms_first_and_lastname" finished-at="2023-09-30T17:18:54 IST" duration-ms="67145" status="PASS">
          <reporter-output>
          </reporter-output>
        </test-method> <!-- forms_first_and_lastname -->
        <test-method signature="radio_and_checkbox_buttons()[pri:1, instance:DemodemoQa.DemoQAWebsite@5bf0d49]" started-at="2023-09-30T17:18:54 IST" name="radio_and_checkbox_buttons" finished-at="2023-09-30T17:19:40 IST" duration-ms="45671" status="PASS">
          <reporter-output>
          </reporter-output>
        </test-method> <!-- radio_and_checkbox_buttons -->
        <test-method signature="widgets_SelectMenu()[pri:2, instance:DemodemoQa.DemoQAWebsite@5bf0d49]" started-at="2023-09-30T17:19:40 IST" name="widgets_SelectMenu" finished-at="2023-09-30T17:20:17 IST" duration-ms="37796" status="PASS">
          <reporter-output>
          </reporter-output>
        </test-method> <!-- widgets_SelectMenu -->
        <test-method signature="dropDown_colors()[pri:3, instance:DemodemoQa.DemoQAWebsite@5bf0d49]" started-at="2023-09-30T17:20:18 IST" name="dropDown_colors" finished-at="2023-09-30T17:21:14 IST" duration-ms="56572" status="PASS">
          <reporter-output>
          </reporter-output>
        </test-method> <!-- dropDown_colors -->
        <test-method signature="login_check_amazon_homepage()[pri:4, instance:DemodemoQa.DemoQAWebsite@5bf0d49]" started-at="2023-09-30T17:21:14 IST" name="login_check_amazon_homepage" finished-at="2023-09-30T17:26:23 IST" duration-ms="309007" status="PASS">
          <reporter-output>
          </reporter-output>
        </test-method> <!-- login_check_amazon_homepage -->
        <test-method signature="read_data_from_excel()[pri:5, instance:DemodemoQa.DemoQAWebsite@5bf0d49]" started-at="2023-09-30T17:26:23 IST" name="read_data_from_excel" finished-at="2023-09-30T17:26:27 IST" duration-ms="3935" status="PASS">
          <reporter-output>
          </reporter-output>
        </test-method> <!-- read_data_from_excel -->
        <test-method signature="Sign_In_amazon_page()[pri:6, instance:DemodemoQa.DemoQAWebsite@5bf0d49]" started-at="2023-09-30T17:26:27 IST" name="Sign_In_amazon_page" finished-at="2023-09-30T17:26:33 IST" duration-ms="5513" status="FAIL">
          <exception class="org.openqa.selenium.NoSuchElementException">
            <message>
              <![CDATA[no such element: Unable to locate element: {"method":"xpath","selector":"//input[@id='ap_email']"}
  (Session info: chrome=117.0.5938.92)
For documentation on this error, please visit: https://www.selenium.dev/documentation/webdriver/troubleshooting/errors#no-such-element-exception
Build info: version: '4.12.1', revision: '8e34639b11'
System info: os.name: 'Windows 10', os.arch: 'amd64', os.version: '10.0', java.version: '20.0.2'
Driver info: org.openqa.selenium.chrome.ChromeDriver
Command: [6151c01fee582ea35a576d4010ebac27, findElement {using=xpath, value=//input[@id='ap_email']}]
Capabilities {acceptInsecureCerts: false, browserName: chrome, browserVersion: 117.0.5938.92, chrome: {chromedriverVersion: 117.0.5938.92 (67649b10b92b..., userDataDir: C:\Users\LENOVO\AppData\Loc...}, fedcm:accounts: true, goog:chromeOptions: {debuggerAddress: localhost:62479}, networkConnectionEnabled: false, pageLoadStrategy: normal, platformName: windows, proxy: Proxy(), se:cdp: ws://localhost:62479/devtoo..., se:cdpVersion: 117.0.5938.92, setWindowRect: true, strictFileInteractability: false, timeouts: {implicit: 0, pageLoad: 300000, script: 30000}, unhandledPromptBehavior: dismiss and notify, webauthn:extension:credBlob: true, webauthn:extension:largeBlob: true, webauthn:extension:minPinLength: true, webauthn:extension:prf: true, webauthn:virtualAuthenticators: true}
Session ID: 6151c01fee582ea35a576d4010ebac27]]>
            </message>
            <full-stacktrace>
              <![CDATA[org.openqa.selenium.NoSuchElementException: no such element: Unable to locate element: {"method":"xpath","selector":"//input[@id='ap_email']"}
  (Session info: chrome=117.0.5938.92)
For documentation on this error, please visit: https://www.selenium.dev/documentation/webdriver/troubleshooting/errors#no-such-element-exception
Build info: version: '4.12.1', revision: '8e34639b11'
System info: os.name: 'Windows 10', os.arch: 'amd64', os.version: '10.0', java.version: '20.0.2'
Driver info: org.openqa.selenium.chrome.ChromeDriver
Command: [6151c01fee582ea35a576d4010ebac27, findElement {using=xpath, value=//input[@id='ap_email']}]
Capabilities {acceptInsecureCerts: false, browserName: chrome, browserVersion: 117.0.5938.92, chrome: {chromedriverVersion: 117.0.5938.92 (67649b10b92b..., userDataDir: C:\Users\LENOVO\AppData\Loc...}, fedcm:accounts: true, goog:chromeOptions: {debuggerAddress: localhost:62479}, networkConnectionEnabled: false, pageLoadStrategy: normal, platformName: windows, proxy: Proxy(), se:cdp: ws://localhost:62479/devtoo..., se:cdpVersion: 117.0.5938.92, setWindowRect: true, strictFileInteractability: false, timeouts: {implicit: 0, pageLoad: 300000, script: 30000}, unhandledPromptBehavior: dismiss and notify, webauthn:extension:credBlob: true, webauthn:extension:largeBlob: true, webauthn:extension:minPinLength: true, webauthn:extension:prf: true, webauthn:virtualAuthenticators: true}
Session ID: 6151c01fee582ea35a576d4010ebac27
at java.base/jdk.internal.reflect.DirectConstructorHandleAccessor.newInstance(DirectConstructorHandleAccessor.java:67)
at java.base/java.lang.reflect.Constructor.newInstanceWithCaller(Constructor.java:500)
at java.base/java.lang.reflect.Constructor.newInstance(Constructor.java:484)
at org.openqa.selenium.remote.codec.w3c.W3CHttpResponseCodec.createException(W3CHttpResponseCodec.java:200)
at org.openqa.selenium.remote.codec.w3c.W3CHttpResponseCodec.decode(W3CHttpResponseCodec.java:133)
at org.openqa.selenium.remote.codec.w3c.W3CHttpResponseCodec.decode(W3CHttpResponseCodec.java:52)
at org.openqa.selenium.remote.HttpCommandExecutor.execute(HttpCommandExecutor.java:191)
at org.openqa.selenium.remote.service.DriverCommandExecutor.invokeExecute(DriverCommandExecutor.java:196)
at org.openqa.selenium.remote.service.DriverCommandExecutor.execute(DriverCommandExecutor.java:171)
at org.openqa.selenium.remote.RemoteWebDriver.execute(RemoteWebDriver.java:602)
at org.openqa.selenium.remote.ElementLocation$ElementFinder$2.findElement(ElementLocation.java:165)
at org.openqa.selenium.remote.ElementLocation.findElement(ElementLocation.java:59)
at org.openqa.selenium.remote.RemoteWebDriver.findElement(RemoteWebDriver.java:359)
at org.openqa.selenium.remote.RemoteWebDriver.findElement(RemoteWebDriver.java:353)
at DemodemoQa.DemoQAWebsite.Sign_In_amazon_page(DemoQAWebsite.java:138)
at java.base/jdk.internal.reflect.DirectMethodHandleAccessor.invoke(DirectMethodHandleAccessor.java:104)
at java.base/java.lang.reflect.Method.invoke(Method.java:578)
at org.testng.internal.invokers.MethodInvocationHelper.invokeMethod(MethodInvocationHelper.java:139)
at org.testng.internal.invokers.TestInvoker.invokeMethod(TestInvoker.java:664)
at org.testng.internal.invokers.TestInvoker.invokeTestMethod(TestInvoker.java:227)
at org.testng.internal.invokers.MethodRunner.runInSequence(MethodRunner.java:50)
at org.testng.internal.invokers.TestInvoker$MethodInvocationAgent.invoke(TestInvoker.java:957)
at org.testng.internal.invokers.TestInvoker.invokeTestMethods(TestInvoker.java:200)
at org.testng.internal.invokers.TestMethodWorker.invokeTestMethods(TestMethodWorker.java:148)
at org.testng.internal.invokers.TestMethodWorker.run(TestMethodWorker.java:128)
at java.base/java.util.ArrayList.forEach(ArrayList.java:1511)
at org.testng.TestRunner.privateRun(TestRunner.java:848)
at org.testng.TestRunner.run(TestRunner.java:621)
at org.testng.SuiteRunner.runTest(SuiteRunner.java:443)
at org.testng.SuiteRunner.runSequentially(SuiteRunner.java:437)
at org.testng.SuiteRunner.privateRun(SuiteRunner.java:397)
at org.testng.SuiteRunner.run(SuiteRunner.java:336)
at org.testng.SuiteRunnerWorker.runSuite(SuiteRunnerWorker.java:52)
at org.testng.SuiteRunnerWorker.run(SuiteRunnerWorker.java:95)
at org.testng.TestNG.runSuitesSequentially(TestNG.java:1280)
at org.testng.TestNG.runSuitesLocally(TestNG.java:1200)
at org.testng.TestNG.runSuites(TestNG.java:1114)
at org.testng.TestNG.run(TestNG.java:1082)
at org.testng.remote.AbstractRemoteTestNG.run(AbstractRemoteTestNG.java:115)
at org.testng.remote.RemoteTestNG.initAndRun(RemoteTestNG.java:251)
at org.testng.remote.RemoteTestNG.main(RemoteTestNG.java:77)
]]>
            </full-stacktrace>
          </exception> <!-- org.openqa.selenium.NoSuchElementException -->
          <reporter-output>
          </reporter-output>
        </test-method> <!-- Sign_In_amazon_page -->
      </class> <!-- DemodemoQa.DemoQAWebsite -->
    </test> <!-- Default test -->
  </suite> <!-- Default suite -->
</testng-results>
